[2026-03-15 13:19:33] ====== Physiq sync started ======
[2026-03-15 13:19:33] --- Syncing macros...
[2026-03-15 13:20:02] ====== Physiq sync started ======
[2026-03-15 13:20:02] --- Syncing macros...
[2026-03-15 13:20:03] Macros: appending 9 new entries...
[2026-03-15 13:20:03] ✅ Macros: synced 9 entries.
[2026-03-15 13:20:03] --- Syncing weights...
[2026-03-15 13:20:04] Weights: no new entries to sync.
[2026-03-15 13:20:04] ====== Physiq sync complete ======
[2026-03-15 13:20:41] ====== Physiq sync started ======
[2026-03-15 13:20:41] --- Syncing macros...
[2026-03-15 13:20:41] Macros: no new entries to sync.
[2026-03-15 13:20:41] --- Syncing weights...
[2026-03-15 13:20:42] Weights: no new entries to sync.
[2026-03-15 13:20:42] ====== Physiq sync complete ======
[2026-03-15 13:20:48] ====== Physiq sync started ======
[2026-03-15 13:20:48] --- Syncing macros...
[2026-03-15 13:20:48] Macros: appending 1 new entries...
[2026-03-15 13:20:49] ✅ Macros: synced 1 entries.
[2026-03-15 13:20:49] --- Syncing weights...
[2026-03-15 13:20:49] Weights: no new entries to sync.
[2026-03-15 13:20:49] ====== Physiq sync complete ======
[2026-03-15 19:48:48] ====== Physiq sync started ======
[2026-03-15 19:48:48] --- Syncing macros...
[2026-03-15 19:48:49] Macros: appending 5 new entries...
[2026-03-15 19:48:49] ✅ Macros: synced 5 entries.
[2026-03-15 19:48:49] --- Syncing weights...
[2026-03-15 19:48:51] Weights: no new entries to sync.
[2026-03-15 19:48:51] ====== Physiq sync complete ======
[2026-03-15 19:49:18] ====== Physiq sync started ======
[2026-03-15 19:49:18] --- Syncing macros...
[2026-03-15 19:49:19] Macros: appending 1 new entries...
[2026-03-15 19:49:20] ✅ Macros: synced 1 entries.
[2026-03-15 19:49:20] --- Syncing weights...
[2026-03-15 19:49:20] Weights: no new entries to sync.
[2026-03-15 19:49:20] ====== Physiq sync complete ======
[2026-03-15 19:49:42] ====== Physiq sync started ======
[2026-03-15 19:49:42] --- Syncing macros...
[2026-03-15 19:49:43] Macros: no new entries to sync.
[2026-03-15 19:49:43] --- Syncing weights...
[2026-03-15 19:49:43] Weights: no new entries to sync.
[2026-03-15 19:49:43] ====== Physiq sync complete ======
[2026-03-15 19:52:35] ====== Physiq sync started ======
[2026-03-15 19:52:35] --- Syncing macros...
[2026-03-15 19:52:35] Macros: no new entries to sync.
[2026-03-15 19:52:35] --- Syncing weights...
[2026-03-15 19:52:36] Weights: appending 5 new entries...
[2026-03-15 19:52:37] ✅ Weights: synced 5 entries.
[2026-03-15 19:52:37] ====== Physiq sync complete ======
[2026-03-15 19:53:26] ====== Physiq sync started ======
[2026-03-15 19:53:26] --- Syncing macros...
[2026-03-15 19:53:27] Macros: no new entries to sync.
[2026-03-15 19:53:27] --- Syncing weights...
[2026-03-15 19:53:27] Weights: appending 1 new entries...
[2026-03-15 19:53:28] ✅ Weights: synced 1 entries.
[2026-03-15 19:53:28] ====== Physiq sync complete ======
[2026-03-15 20:06:18] ====== Physiq sync started ======
[2026-03-15 20:06:18] --- Syncing macros...
[2026-03-15 20:06:19] Macros: appending 1 new entries...
[2026-03-15 20:06:20] ✅ Macros: synced 1 entries.
[2026-03-15 20:06:20] --- Syncing weights...
[2026-03-15 20:06:21] Weights: no new entries to sync.
[2026-03-15 20:06:21] ====== Physiq sync complete ======
[2026-03-15 20:06:29] ====== Physiq sync started ======
[2026-03-15 20:06:29] --- Syncing macros...
[2026-03-15 20:06:29] Macros: no new entries to sync.
[2026-03-15 20:06:29] --- Syncing weights...
[2026-03-15 20:06:30] Weights: no new entries to sync.
[2026-03-15 20:06:30] ====== Physiq sync complete ======
